19:55:21,253 (main) INFO  [DataNucleus.Enhancer] - DataNucleus Enhancer (version 3.2.15) for API "JDO" using JRE "1.7"
19:55:21,523 (main) INFO  [DataNucleus.Enhancer] - Writing class file "/home/gbuilder/workspace.org.gcube.4-6-0-gcore/org.gcube.data-transfer.scheduler-db/target/classes/org/gcube/datatransfer/scheduler/db/model/AccessInterface.class" with enhanced definition
19:55:21,524 (main) INFO  [DataNucleus.Enhancer] - ENHANCED (PersistenceCapable) : org.gcube.datatransfer.scheduler.db.model.AccessInterface
19:55:21,538 (main) INFO  [DataNucleus.Enhancer] - Writing class file "/home/gbuilder/workspace.org.gcube.4-6-0-gcore/org.gcube.data-transfer.scheduler-db/target/classes/org/gcube/datatransfer/scheduler/db/model/TransferTreeOutcome.class" with enhanced definition
19:55:21,539 (main) INFO  [DataNucleus.Enhancer] - ENHANCED (PersistenceCapable) : org.gcube.datatransfer.scheduler.db.model.TransferTreeOutcome
19:55:21,557 (main) INFO  [DataNucleus.Enhancer] - Writing class file "/home/gbuilder/workspace.org.gcube.4-6-0-gcore/org.gcube.data-transfer.scheduler-db/target/classes/org/gcube/datatransfer/scheduler/db/model/DataStorage.class" with enhanced definition
19:55:21,558 (main) INFO  [DataNucleus.Enhancer] - ENHANCED (PersistenceCapable) : org.gcube.datatransfer.scheduler.db.model.DataStorage
19:55:21,564 (main) INFO  [DataNucleus.Enhancer] - Writing class file "/home/gbuilder/workspace.org.gcube.4-6-0-gcore/org.gcube.data-transfer.scheduler-db/target/classes/org/gcube/datatransfer/scheduler/db/model/DataStorageQuota.class" with enhanced definition
19:55:21,564 (main) INFO  [DataNucleus.Enhancer] - ENHANCED (PersistenceCapable) : org.gcube.datatransfer.scheduler.db.model.DataStorageQuota
19:55:21,570 (main) INFO  [DataNucleus.Enhancer] - Writing class file "/home/gbuilder/workspace.org.gcube.4-6-0-gcore/org.gcube.data-transfer.scheduler-db/target/classes/org/gcube/datatransfer/scheduler/db/model/PeriodicallyScheduled.class" with enhanced definition
19:55:21,571 (main) INFO  [DataNucleus.Enhancer] - ENHANCED (PersistenceCapable) : org.gcube.datatransfer.scheduler.db.model.PeriodicallyScheduled
19:55:21,600 (main) INFO  [DataNucleus.Enhancer] - Writing class file "/home/gbuilder/workspace.org.gcube.4-6-0-gcore/org.gcube.data-transfer.scheduler-db/target/classes/org/gcube/datatransfer/scheduler/db/model/TransferOutcome.class" with enhanced definition
19:55:21,602 (main) INFO  [DataNucleus.Enhancer] - ENHANCED (PersistenceCapable) : org.gcube.datatransfer.scheduler.db.model.TransferOutcome
19:55:21,609 (main) INFO  [DataNucleus.Enhancer] - Writing class file "/home/gbuilder/workspace.org.gcube.4-6-0-gcore/org.gcube.data-transfer.scheduler-db/target/classes/org/gcube/datatransfer/scheduler/db/model/Agent.class" with enhanced definition
19:55:21,610 (main) INFO  [DataNucleus.Enhancer] - ENHANCED (PersistenceCapable) : org.gcube.datatransfer.scheduler.db.model.Agent
19:55:21,616 (main) INFO  [DataNucleus.Enhancer] - Writing class file "/home/gbuilder/workspace.org.gcube.4-6-0-gcore/org.gcube.data-transfer.scheduler-db/target/classes/org/gcube/datatransfer/scheduler/db/model/ManuallyScheduled.class" with enhanced definition
19:55:21,617 (main) INFO  [DataNucleus.Enhancer] - ENHANCED (PersistenceCapable) : org.gcube.datatransfer.scheduler.db.model.ManuallyScheduled
19:55:21,634 (main) INFO  [DataNucleus.Enhancer] - Writing class file "/home/gbuilder/workspace.org.gcube.4-6-0-gcore/org.gcube.data-transfer.scheduler-db/target/classes/org/gcube/datatransfer/scheduler/db/model/Transfer.class" with enhanced definition
19:55:21,635 (main) INFO  [DataNucleus.Enhancer] - ENHANCED (PersistenceCapable) : org.gcube.datatransfer.scheduler.db.model.Transfer
19:55:21,643 (main) INFO  [DataNucleus.Enhancer] - Writing class file "/home/gbuilder/workspace.org.gcube.4-6-0-gcore/org.gcube.data-transfer.scheduler-db/target/classes/org/gcube/datatransfer/scheduler/db/model/DataSource.class" with enhanced definition
19:55:21,644 (main) INFO  [DataNucleus.Enhancer] - ENHANCED (PersistenceCapable) : org.gcube.datatransfer.scheduler.db.model.DataSource
19:55:21,648 (main) INFO  [DataNucleus.Enhancer] - Writing class file "/home/gbuilder/workspace.org.gcube.4-6-0-gcore/org.gcube.data-transfer.scheduler-db/target/classes/org/gcube/datatransfer/scheduler/db/model/TypeOfSchedule.class" with enhanced definition
19:55:21,649 (main) INFO  [DataNucleus.Enhancer] - ENHANCED (PersistenceCapable) : org.gcube.datatransfer.scheduler.db.model.TypeOfSchedule
19:55:21,655 (main) INFO  [DataNucleus.Enhancer] - Writing class file "/home/gbuilder/workspace.org.gcube.4-6-0-gcore/org.gcube.data-transfer.scheduler-db/target/classes/org/gcube/datatransfer/scheduler/db/model/AgentStatistics.class" with enhanced definition
19:55:21,655 (main) INFO  [DataNucleus.Enhancer] - ENHANCED (PersistenceCapable) : org.gcube.datatransfer.scheduler.db.model.AgentStatistics
19:55:21,660 (main) INFO  [DataNucleus.Enhancer] - Writing class file "/home/gbuilder/workspace.org.gcube.4-6-0-gcore/org.gcube.data-transfer.scheduler-db/target/classes/org/gcube/datatransfer/scheduler/db/model/TransferObject.class" with enhanced definition
19:55:21,661 (main) INFO  [DataNucleus.Enhancer] - ENHANCED (PersistenceCapable) : org.gcube.datatransfer.scheduler.db.model.TransferObject
19:55:21,661 (main) INFO  [DataNucleus.Enhancer] - DataNucleus Enhancer completed with success for 13 classes. Timings : input=210 ms, enhance=193 ms, total=403 ms. Consult the log for full details
