2017-06-28 14:20:15.975 GMT Thread[main,5,main] Cleanup action starting
ERROR XBM0P: Service provider is read-only. Operation not permitted. 
	at org.apache.derby.iapi.error.StandardException.newException(Unknown Source)
	at org.apache.derby.impl.services.monitor.StorageFactoryService.createServiceRoot(Unknown Source)
	at org.apache.derby.impl.services.monitor.BaseMonitor.bootService(Unknown Source)
	at org.apache.derby.impl.services.monitor.BaseMonitor.createPersistentService(Unknown Source)
	at org.apache.derby.iapi.services.monitor.Monitor.createPersistentService(Unknown Source)
	at org.apache.derby.impl.jdbc.EmbedConnection.createDatabase(Unknown Source)
	at org.apache.derby.impl.jdbc.EmbedConnection.<init>(Unknown Source)
	at org.apache.derby.impl.jdbc.EmbedConnection30.<init>(Unknown Source)
	at org.apache.derby.impl.jdbc.EmbedConnection40.<init>(Unknown Source)
	at org.apache.derby.jdbc.Driver40.getNewEmbedConnection(Unknown Source)
	at org.apache.derby.jdbc.InternalDriver.connect(Unknown Source)
	at org.apache.derby.jdbc.AutoloadedDriver.connect(Unknown Source)
	at org.apache.commons.dbcp.DriverConnectionFactory.createConnection(DriverConnectionFactory.java:38)
	at org.apache.commons.dbcp.PoolableConnectionFactory.makeObject(PoolableConnectionFactory.java:582)
	at org.apache.commons.dbcp.BasicDataSource.validateConnectionFactory(BasicDataSource.java:1556)
	at org.apache.commons.dbcp.BasicDataSource.createPoolableConnectionFactory(BasicDataSource.java:1545)
	at org.apache.commons.dbcp.BasicDataSource.createDataSource(BasicDataSource.java:1388)
	at org.apache.commons.dbcp.BasicDataSource.getConnection(BasicDataSource.java:1044)
	at org.apache.jackrabbit.core.util.db.ConnectionHelper.getExtraNameCharacters(ConnectionHelper.java:185)
	at org.apache.jackrabbit.core.util.db.ConnectionHelper.prepareDbIdentifier(ConnectionHelper.java:140)
	at org.apache.jackrabbit.core.persistence.pool.BundleDbPersistenceManager.init(BundleDbPersistenceManager.java:542)
	at org.apache.jackrabbit.core.persistence.pool.DerbyPersistenceManager.init(DerbyPersistenceManager.java:250)
	at org.apache.jackrabbit.core.RepositoryImpl.createPersistenceManager(RepositoryImpl.java:1375)
	at org.apache.jackrabbit.core.RepositoryImpl.createVersionManager(RepositoryImpl.java:512)
	at org.apache.jackrabbit.core.RepositoryImpl.<init>(RepositoryImpl.java:313)
	at org.apache.jackrabbit.core.RepositoryImpl.create(RepositoryImpl.java:615)
	at org.apache.jackrabbit.core.TransientRepository$3.getRepository(TransientRepository.java:250)
	at org.apache.jackrabbit.core.TransientRepository.startRepository(TransientRepository.java:280)
	at org.apache.jackrabbit.core.TransientRepository.login(TransientRepository.java:376)
	at org.apache.jackrabbit.commons.AbstractRepository.login(AbstractRepository.java:144)
	at org.apache.jackrabbit.j2ee.GetChildrenTest.main(GetChildrenTest.java:96)
Cleanup action completed
2017-06-28 14:20:15.978 GMT Thread[main,5,main] Cleanup action starting
java.sql.SQLException: Failed to create database 'https://workspace-repository-prod.d4science.org/home-library-webapp/home/gcube/tomcat/jackrabbit_derby/version/db', see the next exception for details.
	at org.apache.derby.impl.jdbc.SQLExceptionFactory40.getSQLException(Unknown Source)
	at org.apache.derby.impl.jdbc.Util.newEmbedSQLException(Unknown Source)
	at org.apache.derby.impl.jdbc.Util.seeNextException(Unknown Source)
	at org.apache.derby.impl.jdbc.EmbedConnection.createDatabase(Unknown Source)
	at org.apache.derby.impl.jdbc.EmbedConnection.<init>(Unknown Source)
	at org.apache.derby.impl.jdbc.EmbedConnection30.<init>(Unknown Source)
	at org.apache.derby.impl.jdbc.EmbedConnection40.<init>(Unknown Source)
	at org.apache.derby.jdbc.Driver40.getNewEmbedConnection(Unknown Source)
	at org.apache.derby.jdbc.InternalDriver.connect(Unknown Source)
	at org.apache.derby.jdbc.AutoloadedDriver.connect(Unknown Source)
	at org.apache.commons.dbcp.DriverConnectionFactory.createConnection(DriverConnectionFactory.java:38)
	at org.apache.commons.dbcp.PoolableConnectionFactory.makeObject(PoolableConnectionFactory.java:582)
	at org.apache.commons.dbcp.BasicDataSource.validateConnectionFactory(BasicDataSource.java:1556)
	at org.apache.commons.dbcp.BasicDataSource.createPoolableConnectionFactory(BasicDataSource.java:1545)
	at org.apache.commons.dbcp.BasicDataSource.createDataSource(BasicDataSource.java:1388)
	at org.apache.commons.dbcp.BasicDataSource.getConnection(BasicDataSource.java:1044)
	at org.apache.jackrabbit.core.util.db.ConnectionHelper.getExtraNameCharacters(ConnectionHelper.java:185)
	at org.apache.jackrabbit.core.util.db.ConnectionHelper.prepareDbIdentifier(ConnectionHelper.java:140)
	at org.apache.jackrabbit.core.persistence.pool.BundleDbPersistenceManager.init(BundleDbPersistenceManager.java:542)
	at org.apache.jackrabbit.core.persistence.pool.DerbyPersistenceManager.init(DerbyPersistenceManager.java:250)
	at org.apache.jackrabbit.core.RepositoryImpl.createPersistenceManager(RepositoryImpl.java:1375)
	at org.apache.jackrabbit.core.RepositoryImpl.createVersionManager(RepositoryImpl.java:512)
	at org.apache.jackrabbit.core.RepositoryImpl.<init>(RepositoryImpl.java:313)
	at org.apache.jackrabbit.core.RepositoryImpl.create(RepositoryImpl.java:615)
	at org.apache.jackrabbit.core.TransientRepository$3.getRepository(TransientRepository.java:250)
	at org.apache.jackrabbit.core.TransientRepository.startRepository(TransientRepository.java:280)
	at org.apache.jackrabbit.core.TransientRepository.login(TransientRepository.java:376)
	at org.apache.jackrabbit.commons.AbstractRepository.login(AbstractRepository.java:144)
	at org.apache.jackrabbit.j2ee.GetChildrenTest.main(GetChildrenTest.java:96)
Caused by: java.sql.SQLException: Failed to create database 'https://workspace-repository-prod.d4science.org/home-library-webapp/home/gcube/tomcat/jackrabbit_derby/version/db', see the next exception for details.
	at org.apache.derby.impl.jdbc.SQLExceptionFactory.getSQLException(Unknown Source)
	at org.apache.derby.impl.jdbc.SQLExceptionFactory40.wrapArgsForTransportAcrossDRDA(Unknown Source)
	... 29 more
Caused by: java.sql.SQLException: Service provider is read-only. Operation not permitted. 
	at org.apache.derby.impl.jdbc.SQLExceptionFactory.getSQLException(Unknown Source)
	at org.apache.derby.impl.jdbc.SQLExceptionFactory40.wrapArgsForTransportAcrossDRDA(Unknown Source)
	at org.apache.derby.impl.jdbc.SQLExceptionFactory40.getSQLException(Unknown Source)
	at org.apache.derby.impl.jdbc.Util.generateCsSQLException(Unknown Source)
	at org.apache.derby.impl.jdbc.TransactionResourceImpl.wrapInSQLException(Unknown Source)
	at org.apache.derby.impl.jdbc.TransactionResourceImpl.handleException(Unknown Source)
	at org.apache.derby.impl.jdbc.EmbedConnection.handleException(Unknown Source)
	... 26 more
Caused by: ERROR XBM0P: Service provider is read-only. Operation not permitted. 
	at org.apache.derby.iapi.error.StandardException.newException(Unknown Source)
	at org.apache.derby.impl.services.monitor.StorageFactoryService.createServiceRoot(Unknown Source)
	at org.apache.derby.impl.services.monitor.BaseMonitor.bootService(Unknown Source)
	at org.apache.derby.impl.services.monitor.BaseMonitor.createPersistentService(Unknown Source)
	at org.apache.derby.iapi.services.monitor.Monitor.createPersistentService(Unknown Source)
	... 26 more
============= begin nested exception, level (1) ===========
java.sql.SQLException: Service provider is read-only. Operation not permitted. 
	at org.apache.derby.impl.jdbc.SQLExceptionFactory40.getSQLException(Unknown Source)
	at org.apache.derby.impl.jdbc.Util.generateCsSQLException(Unknown Source)
	at org.apache.derby.impl.jdbc.TransactionResourceImpl.wrapInSQLException(Unknown Source)
	at org.apache.derby.impl.jdbc.TransactionResourceImpl.handleException(Unknown Source)
	at org.apache.derby.impl.jdbc.EmbedConnection.handleException(Unknown Source)
	at org.apache.derby.impl.jdbc.EmbedConnection.createDatabase(Unknown Source)
	at org.apache.derby.impl.jdbc.EmbedConnection.<init>(Unknown Source)
	at org.apache.derby.impl.jdbc.EmbedConnection30.<init>(Unknown Source)
	at org.apache.derby.impl.jdbc.EmbedConnection40.<init>(Unknown Source)
	at org.apache.derby.jdbc.Driver40.getNewEmbedConnection(Unknown Source)
	at org.apache.derby.jdbc.InternalDriver.connect(Unknown Source)
	at org.apache.derby.jdbc.AutoloadedDriver.connect(Unknown Source)
	at org.apache.commons.dbcp.DriverConnectionFactory.createConnection(DriverConnectionFactory.java:38)
	at org.apache.commons.dbcp.PoolableConnectionFactory.makeObject(PoolableConnectionFactory.java:582)
	at org.apache.commons.dbcp.BasicDataSource.validateConnectionFactory(BasicDataSource.java:1556)
	at org.apache.commons.dbcp.BasicDataSource.createPoolableConnectionFactory(BasicDataSource.java:1545)
	at org.apache.commons.dbcp.BasicDataSource.createDataSource(BasicDataSource.java:1388)
	at org.apache.commons.dbcp.BasicDataSource.getConnection(BasicDataSource.java:1044)
	at org.apache.jackrabbit.core.util.db.ConnectionHelper.getExtraNameCharacters(ConnectionHelper.java:185)
	at org.apache.jackrabbit.core.util.db.ConnectionHelper.prepareDbIdentifier(ConnectionHelper.java:140)
	at org.apache.jackrabbit.core.persistence.pool.BundleDbPersistenceManager.init(BundleDbPersistenceManager.java:542)
	at org.apache.jackrabbit.core.persistence.pool.DerbyPersistenceManager.init(DerbyPersistenceManager.java:250)
	at org.apache.jackrabbit.core.RepositoryImpl.createPersistenceManager(RepositoryImpl.java:1375)
	at org.apache.jackrabbit.core.RepositoryImpl.createVersionManager(RepositoryImpl.java:512)
	at org.apache.jackrabbit.core.RepositoryImpl.<init>(RepositoryImpl.java:313)
	at org.apache.jackrabbit.core.RepositoryImpl.create(RepositoryImpl.java:615)
	at org.apache.jackrabbit.core.TransientRepository$3.getRepository(TransientRepository.java:250)
	at org.apache.jackrabbit.core.TransientRepository.startRepository(TransientRepository.java:280)
	at org.apache.jackrabbit.core.TransientRepository.login(TransientRepository.java:376)
	at org.apache.jackrabbit.commons.AbstractRepository.login(AbstractRepository.java:144)
	at org.apache.jackrabbit.j2ee.GetChildrenTest.main(GetChildrenTest.java:96)
Caused by: java.sql.SQLException: Service provider is read-only. Operation not permitted. 
	at org.apache.derby.impl.jdbc.SQLExceptionFactory.getSQLException(Unknown Source)
	at org.apache.derby.impl.jdbc.SQLExceptionFactory40.wrapArgsForTransportAcrossDRDA(Unknown Source)
	... 31 more
Caused by: ERROR XBM0P: Service provider is read-only. Operation not permitted. 
	at org.apache.derby.iapi.error.StandardException.newException(Unknown Source)
	at org.apache.derby.impl.services.monitor.StorageFactoryService.createServiceRoot(Unknown Source)
	at org.apache.derby.impl.services.monitor.BaseMonitor.bootService(Unknown Source)
	at org.apache.derby.impl.services.monitor.BaseMonitor.createPersistentService(Unknown Source)
	at org.apache.derby.iapi.services.monitor.Monitor.createPersistentService(Unknown Source)
	... 26 more
============= end nested exception, level (1) ===========
============= begin nested exception, level (2) ===========
java.sql.SQLException: Service provider is read-only. Operation not permitted. 
	at org.apache.derby.impl.jdbc.SQLExceptionFactory.getSQLException(Unknown Source)
	at org.apache.derby.impl.jdbc.SQLExceptionFactory40.wrapArgsForTransportAcrossDRDA(Unknown Source)
	at org.apache.derby.impl.jdbc.SQLExceptionFactory40.getSQLException(Unknown Source)
	at org.apache.derby.impl.jdbc.Util.generateCsSQLException(Unknown Source)
	at org.apache.derby.impl.jdbc.TransactionResourceImpl.wrapInSQLException(Unknown Source)
	at org.apache.derby.impl.jdbc.TransactionResourceImpl.handleException(Unknown Source)
	at org.apache.derby.impl.jdbc.EmbedConnection.handleException(Unknown Source)
	at org.apache.derby.impl.jdbc.EmbedConnection.createDatabase(Unknown Source)
	at org.apache.derby.impl.jdbc.EmbedConnection.<init>(Unknown Source)
	at org.apache.derby.impl.jdbc.EmbedConnection30.<init>(Unknown Source)
	at org.apache.derby.impl.jdbc.EmbedConnection40.<init>(Unknown Source)
	at org.apache.derby.jdbc.Driver40.getNewEmbedConnection(Unknown Source)
	at org.apache.derby.jdbc.InternalDriver.connect(Unknown Source)
	at org.apache.derby.jdbc.AutoloadedDriver.connect(Unknown Source)
	at org.apache.commons.dbcp.DriverConnectionFactory.createConnection(DriverConnectionFactory.java:38)
	at org.apache.commons.dbcp.PoolableConnectionFactory.makeObject(PoolableConnectionFactory.java:582)
	at org.apache.commons.dbcp.BasicDataSource.validateConnectionFactory(BasicDataSource.java:1556)
	at org.apache.commons.dbcp.BasicDataSource.createPoolableConnectionFactory(BasicDataSource.java:1545)
	at org.apache.commons.dbcp.BasicDataSource.createDataSource(BasicDataSource.java:1388)
	at org.apache.commons.dbcp.BasicDataSource.getConnection(BasicDataSource.java:1044)
	at org.apache.jackrabbit.core.util.db.ConnectionHelper.getExtraNameCharacters(ConnectionHelper.java:185)
	at org.apache.jackrabbit.core.util.db.ConnectionHelper.prepareDbIdentifier(ConnectionHelper.java:140)
	at org.apache.jackrabbit.core.persistence.pool.BundleDbPersistenceManager.init(BundleDbPersistenceManager.java:542)
	at org.apache.jackrabbit.core.persistence.pool.DerbyPersistenceManager.init(DerbyPersistenceManager.java:250)
	at org.apache.jackrabbit.core.RepositoryImpl.createPersistenceManager(RepositoryImpl.java:1375)
	at org.apache.jackrabbit.core.RepositoryImpl.createVersionManager(RepositoryImpl.java:512)
	at org.apache.jackrabbit.core.RepositoryImpl.<init>(RepositoryImpl.java:313)
	at org.apache.jackrabbit.core.RepositoryImpl.create(RepositoryImpl.java:615)
	at org.apache.jackrabbit.core.TransientRepository$3.getRepository(TransientRepository.java:250)
	at org.apache.jackrabbit.core.TransientRepository.startRepository(TransientRepository.java:280)
	at org.apache.jackrabbit.core.TransientRepository.login(TransientRepository.java:376)
	at org.apache.jackrabbit.commons.AbstractRepository.login(AbstractRepository.java:144)
	at org.apache.jackrabbit.j2ee.GetChildrenTest.main(GetChildrenTest.java:96)
Caused by: ERROR XBM0P: Service provider is read-only. Operation not permitted. 
	at org.apache.derby.iapi.error.StandardException.newException(Unknown Source)
	at org.apache.derby.impl.services.monitor.StorageFactoryService.createServiceRoot(Unknown Source)
	at org.apache.derby.impl.services.monitor.BaseMonitor.bootService(Unknown Source)
	at org.apache.derby.impl.services.monitor.BaseMonitor.createPersistentService(Unknown Source)
	at org.apache.derby.iapi.services.monitor.Monitor.createPersistentService(Unknown Source)
	... 26 more
============= end nested exception, level (2) ===========
============= begin nested exception, level (3) ===========
ERROR XBM0P: Service provider is read-only. Operation not permitted. 
	at org.apache.derby.iapi.error.StandardException.newException(Unknown Source)
	at org.apache.derby.impl.services.monitor.StorageFactoryService.createServiceRoot(Unknown Source)
	at org.apache.derby.impl.services.monitor.BaseMonitor.bootService(Unknown Source)
	at org.apache.derby.impl.services.monitor.BaseMonitor.createPersistentService(Unknown Source)
	at org.apache.derby.iapi.services.monitor.Monitor.createPersistentService(Unknown Source)
	at org.apache.derby.impl.jdbc.EmbedConnection.createDatabase(Unknown Source)
	at org.apache.derby.impl.jdbc.EmbedConnection.<init>(Unknown Source)
	at org.apache.derby.impl.jdbc.EmbedConnection30.<init>(Unknown Source)
	at org.apache.derby.impl.jdbc.EmbedConnection40.<init>(Unknown Source)
	at org.apache.derby.jdbc.Driver40.getNewEmbedConnection(Unknown Source)
	at org.apache.derby.jdbc.InternalDriver.connect(Unknown Source)
	at org.apache.derby.jdbc.AutoloadedDriver.connect(Unknown Source)
	at org.apache.commons.dbcp.DriverConnectionFactory.createConnection(DriverConnectionFactory.java:38)
	at org.apache.commons.dbcp.PoolableConnectionFactory.makeObject(PoolableConnectionFactory.java:582)
	at org.apache.commons.dbcp.BasicDataSource.validateConnectionFactory(BasicDataSource.java:1556)
	at org.apache.commons.dbcp.BasicDataSource.createPoolableConnectionFactory(BasicDataSource.java:1545)
	at org.apache.commons.dbcp.BasicDataSource.createDataSource(BasicDataSource.java:1388)
	at org.apache.commons.dbcp.BasicDataSource.getConnection(BasicDataSource.java:1044)
	at org.apache.jackrabbit.core.util.db.ConnectionHelper.getExtraNameCharacters(ConnectionHelper.java:185)
	at org.apache.jackrabbit.core.util.db.ConnectionHelper.prepareDbIdentifier(ConnectionHelper.java:140)
	at org.apache.jackrabbit.core.persistence.pool.BundleDbPersistenceManager.init(BundleDbPersistenceManager.java:542)
	at org.apache.jackrabbit.core.persistence.pool.DerbyPersistenceManager.init(DerbyPersistenceManager.java:250)
	at org.apache.jackrabbit.core.RepositoryImpl.createPersistenceManager(RepositoryImpl.java:1375)
	at org.apache.jackrabbit.core.RepositoryImpl.createVersionManager(RepositoryImpl.java:512)
	at org.apache.jackrabbit.core.RepositoryImpl.<init>(RepositoryImpl.java:313)
	at org.apache.jackrabbit.core.RepositoryImpl.create(RepositoryImpl.java:615)
	at org.apache.jackrabbit.core.TransientRepository$3.getRepository(TransientRepository.java:250)
	at org.apache.jackrabbit.core.TransientRepository.startRepository(TransientRepository.java:280)
	at org.apache.jackrabbit.core.TransientRepository.login(TransientRepository.java:376)
	at org.apache.jackrabbit.commons.AbstractRepository.login(AbstractRepository.java:144)
	at org.apache.jackrabbit.j2ee.GetChildrenTest.main(GetChildrenTest.java:96)
============= end nested exception, level (3) ===========
Cleanup action completed
