19:59:37,710 (main) INFO  [DataNucleus.Enhancer] - DataNucleus Enhancer (version 3.2.15) for API "JDO" using JRE "1.7"
19:59:37,964 (main) INFO  [DataNucleus.Enhancer] - Writing class file "/home/gbuilder/workspace.org.gcube.4-11-1-gcore/org.gcube.data-transfer.scheduler-db/target/classes/org/gcube/datatransfer/scheduler/db/model/PeriodicallyScheduled.class" with enhanced definition
19:59:37,964 (main) INFO  [DataNucleus.Enhancer] - ENHANCED (PersistenceCapable) : org.gcube.datatransfer.scheduler.db.model.PeriodicallyScheduled
19:59:37,975 (main) INFO  [DataNucleus.Enhancer] - Writing class file "/home/gbuilder/workspace.org.gcube.4-11-1-gcore/org.gcube.data-transfer.scheduler-db/target/classes/org/gcube/datatransfer/scheduler/db/model/TransferTreeOutcome.class" with enhanced definition
19:59:37,975 (main) INFO  [DataNucleus.Enhancer] - ENHANCED (PersistenceCapable) : org.gcube.datatransfer.scheduler.db.model.TransferTreeOutcome
19:59:37,987 (main) INFO  [DataNucleus.Enhancer] - Writing class file "/home/gbuilder/workspace.org.gcube.4-11-1-gcore/org.gcube.data-transfer.scheduler-db/target/classes/org/gcube/datatransfer/scheduler/db/model/DataSource.class" with enhanced definition
19:59:37,987 (main) INFO  [DataNucleus.Enhancer] - ENHANCED (PersistenceCapable) : org.gcube.datatransfer.scheduler.db.model.DataSource
19:59:38,008 (main) INFO  [DataNucleus.Enhancer] - Writing class file "/home/gbuilder/workspace.org.gcube.4-11-1-gcore/org.gcube.data-transfer.scheduler-db/target/classes/org/gcube/datatransfer/scheduler/db/model/Transfer.class" with enhanced definition
19:59:38,009 (main) INFO  [DataNucleus.Enhancer] - ENHANCED (PersistenceCapable) : org.gcube.datatransfer.scheduler.db.model.Transfer
19:59:38,015 (main) INFO  [DataNucleus.Enhancer] - Writing class file "/home/gbuilder/workspace.org.gcube.4-11-1-gcore/org.gcube.data-transfer.scheduler-db/target/classes/org/gcube/datatransfer/scheduler/db/model/TypeOfSchedule.class" with enhanced definition
19:59:38,015 (main) INFO  [DataNucleus.Enhancer] - ENHANCED (PersistenceCapable) : org.gcube.datatransfer.scheduler.db.model.TypeOfSchedule
19:59:38,024 (main) INFO  [DataNucleus.Enhancer] - Writing class file "/home/gbuilder/workspace.org.gcube.4-11-1-gcore/org.gcube.data-transfer.scheduler-db/target/classes/org/gcube/datatransfer/scheduler/db/model/TransferOutcome.class" with enhanced definition
19:59:38,025 (main) INFO  [DataNucleus.Enhancer] - ENHANCED (PersistenceCapable) : org.gcube.datatransfer.scheduler.db.model.TransferOutcome
19:59:38,031 (main) INFO  [DataNucleus.Enhancer] - Writing class file "/home/gbuilder/workspace.org.gcube.4-11-1-gcore/org.gcube.data-transfer.scheduler-db/target/classes/org/gcube/datatransfer/scheduler/db/model/TransferObject.class" with enhanced definition
19:59:38,031 (main) INFO  [DataNucleus.Enhancer] - ENHANCED (PersistenceCapable) : org.gcube.datatransfer.scheduler.db.model.TransferObject
19:59:38,036 (main) INFO  [DataNucleus.Enhancer] - Writing class file "/home/gbuilder/workspace.org.gcube.4-11-1-gcore/org.gcube.data-transfer.scheduler-db/target/classes/org/gcube/datatransfer/scheduler/db/model/ManuallyScheduled.class" with enhanced definition
19:59:38,036 (main) INFO  [DataNucleus.Enhancer] - ENHANCED (PersistenceCapable) : org.gcube.datatransfer.scheduler.db.model.ManuallyScheduled
19:59:38,042 (main) INFO  [DataNucleus.Enhancer] - Writing class file "/home/gbuilder/workspace.org.gcube.4-11-1-gcore/org.gcube.data-transfer.scheduler-db/target/classes/org/gcube/datatransfer/scheduler/db/model/Agent.class" with enhanced definition
19:59:38,043 (main) INFO  [DataNucleus.Enhancer] - ENHANCED (PersistenceCapable) : org.gcube.datatransfer.scheduler.db.model.Agent
19:59:38,053 (main) INFO  [DataNucleus.Enhancer] - Writing class file "/home/gbuilder/workspace.org.gcube.4-11-1-gcore/org.gcube.data-transfer.scheduler-db/target/classes/org/gcube/datatransfer/scheduler/db/model/DataStorage.class" with enhanced definition
19:59:38,055 (main) INFO  [DataNucleus.Enhancer] - ENHANCED (PersistenceCapable) : org.gcube.datatransfer.scheduler.db.model.DataStorage
19:59:38,061 (main) INFO  [DataNucleus.Enhancer] - Writing class file "/home/gbuilder/workspace.org.gcube.4-11-1-gcore/org.gcube.data-transfer.scheduler-db/target/classes/org/gcube/datatransfer/scheduler/db/model/AgentStatistics.class" with enhanced definition
19:59:38,062 (main) INFO  [DataNucleus.Enhancer] - ENHANCED (PersistenceCapable) : org.gcube.datatransfer.scheduler.db.model.AgentStatistics
19:59:38,066 (main) INFO  [DataNucleus.Enhancer] - Writing class file "/home/gbuilder/workspace.org.gcube.4-11-1-gcore/org.gcube.data-transfer.scheduler-db/target/classes/org/gcube/datatransfer/scheduler/db/model/AccessInterface.class" with enhanced definition
19:59:38,067 (main) INFO  [DataNucleus.Enhancer] - ENHANCED (PersistenceCapable) : org.gcube.datatransfer.scheduler.db.model.AccessInterface
19:59:38,071 (main) INFO  [DataNucleus.Enhancer] - Writing class file "/home/gbuilder/workspace.org.gcube.4-11-1-gcore/org.gcube.data-transfer.scheduler-db/target/classes/org/gcube/datatransfer/scheduler/db/model/DataStorageQuota.class" with enhanced definition
19:59:38,072 (main) INFO  [DataNucleus.Enhancer] - ENHANCED (PersistenceCapable) : org.gcube.datatransfer.scheduler.db.model.DataStorageQuota
19:59:38,073 (main) INFO  [DataNucleus.Enhancer] - DataNucleus Enhancer completed with success for 13 classes. Timings : input=191 ms, enhance=165 ms, total=356 ms. Consult the log for full details
