19:53:30,934 (main) INFO  [DataNucleus.Enhancer] - DataNucleus Enhancer (version 3.2.15) for API "JDO" using JRE "1.7"
19:53:31,226 (main) INFO  [DataNucleus.Enhancer] - Writing class file "/home/gbuilder/workspace.org.gcube.4-13-1-gcore/org.gcube.data-transfer.scheduler-db/target/classes/org/gcube/datatransfer/scheduler/db/model/ManuallyScheduled.class" with enhanced definition
19:53:31,226 (main) INFO  [DataNucleus.Enhancer] - ENHANCED (PersistenceCapable) : org.gcube.datatransfer.scheduler.db.model.ManuallyScheduled
19:53:31,237 (main) INFO  [DataNucleus.Enhancer] - Writing class file "/home/gbuilder/workspace.org.gcube.4-13-1-gcore/org.gcube.data-transfer.scheduler-db/target/classes/org/gcube/datatransfer/scheduler/db/model/Agent.class" with enhanced definition
19:53:31,238 (main) INFO  [DataNucleus.Enhancer] - ENHANCED (PersistenceCapable) : org.gcube.datatransfer.scheduler.db.model.Agent
19:53:31,247 (main) INFO  [DataNucleus.Enhancer] - Writing class file "/home/gbuilder/workspace.org.gcube.4-13-1-gcore/org.gcube.data-transfer.scheduler-db/target/classes/org/gcube/datatransfer/scheduler/db/model/PeriodicallyScheduled.class" with enhanced definition
19:53:31,248 (main) INFO  [DataNucleus.Enhancer] - ENHANCED (PersistenceCapable) : org.gcube.datatransfer.scheduler.db.model.PeriodicallyScheduled
19:53:31,275 (main) INFO  [DataNucleus.Enhancer] - Writing class file "/home/gbuilder/workspace.org.gcube.4-13-1-gcore/org.gcube.data-transfer.scheduler-db/target/classes/org/gcube/datatransfer/scheduler/db/model/Transfer.class" with enhanced definition
19:53:31,276 (main) INFO  [DataNucleus.Enhancer] - ENHANCED (PersistenceCapable) : org.gcube.datatransfer.scheduler.db.model.Transfer
19:53:31,285 (main) INFO  [DataNucleus.Enhancer] - Writing class file "/home/gbuilder/workspace.org.gcube.4-13-1-gcore/org.gcube.data-transfer.scheduler-db/target/classes/org/gcube/datatransfer/scheduler/db/model/TransferTreeOutcome.class" with enhanced definition
19:53:31,287 (main) INFO  [DataNucleus.Enhancer] - ENHANCED (PersistenceCapable) : org.gcube.datatransfer.scheduler.db.model.TransferTreeOutcome
19:53:31,293 (main) INFO  [DataNucleus.Enhancer] - Writing class file "/home/gbuilder/workspace.org.gcube.4-13-1-gcore/org.gcube.data-transfer.scheduler-db/target/classes/org/gcube/datatransfer/scheduler/db/model/TypeOfSchedule.class" with enhanced definition
19:53:31,294 (main) INFO  [DataNucleus.Enhancer] - ENHANCED (PersistenceCapable) : org.gcube.datatransfer.scheduler.db.model.TypeOfSchedule
19:53:31,299 (main) INFO  [DataNucleus.Enhancer] - Writing class file "/home/gbuilder/workspace.org.gcube.4-13-1-gcore/org.gcube.data-transfer.scheduler-db/target/classes/org/gcube/datatransfer/scheduler/db/model/AccessInterface.class" with enhanced definition
19:53:31,300 (main) INFO  [DataNucleus.Enhancer] - ENHANCED (PersistenceCapable) : org.gcube.datatransfer.scheduler.db.model.AccessInterface
19:53:31,311 (main) INFO  [DataNucleus.Enhancer] - Writing class file "/home/gbuilder/workspace.org.gcube.4-13-1-gcore/org.gcube.data-transfer.scheduler-db/target/classes/org/gcube/datatransfer/scheduler/db/model/DataStorage.class" with enhanced definition
19:53:31,312 (main) INFO  [DataNucleus.Enhancer] - ENHANCED (PersistenceCapable) : org.gcube.datatransfer.scheduler.db.model.DataStorage
19:53:31,316 (main) INFO  [DataNucleus.Enhancer] - Writing class file "/home/gbuilder/workspace.org.gcube.4-13-1-gcore/org.gcube.data-transfer.scheduler-db/target/classes/org/gcube/datatransfer/scheduler/db/model/DataStorageQuota.class" with enhanced definition
19:53:31,318 (main) INFO  [DataNucleus.Enhancer] - ENHANCED (PersistenceCapable) : org.gcube.datatransfer.scheduler.db.model.DataStorageQuota
19:53:31,324 (main) INFO  [DataNucleus.Enhancer] - Writing class file "/home/gbuilder/workspace.org.gcube.4-13-1-gcore/org.gcube.data-transfer.scheduler-db/target/classes/org/gcube/datatransfer/scheduler/db/model/AgentStatistics.class" with enhanced definition
19:53:31,326 (main) INFO  [DataNucleus.Enhancer] - ENHANCED (PersistenceCapable) : org.gcube.datatransfer.scheduler.db.model.AgentStatistics
19:53:31,337 (main) INFO  [DataNucleus.Enhancer] - Writing class file "/home/gbuilder/workspace.org.gcube.4-13-1-gcore/org.gcube.data-transfer.scheduler-db/target/classes/org/gcube/datatransfer/scheduler/db/model/DataSource.class" with enhanced definition
19:53:31,338 (main) INFO  [DataNucleus.Enhancer] - ENHANCED (PersistenceCapable) : org.gcube.datatransfer.scheduler.db.model.DataSource
19:53:31,346 (main) INFO  [DataNucleus.Enhancer] - Writing class file "/home/gbuilder/workspace.org.gcube.4-13-1-gcore/org.gcube.data-transfer.scheduler-db/target/classes/org/gcube/datatransfer/scheduler/db/model/TransferObject.class" with enhanced definition
19:53:31,348 (main) INFO  [DataNucleus.Enhancer] - ENHANCED (PersistenceCapable) : org.gcube.datatransfer.scheduler.db.model.TransferObject
19:53:31,360 (main) INFO  [DataNucleus.Enhancer] - Writing class file "/home/gbuilder/workspace.org.gcube.4-13-1-gcore/org.gcube.data-transfer.scheduler-db/target/classes/org/gcube/datatransfer/scheduler/db/model/TransferOutcome.class" with enhanced definition
19:53:31,361 (main) INFO  [DataNucleus.Enhancer] - ENHANCED (PersistenceCapable) : org.gcube.datatransfer.scheduler.db.model.TransferOutcome
19:53:31,362 (main) INFO  [DataNucleus.Enhancer] - DataNucleus Enhancer completed with success for 13 classes. Timings : input=217 ms, enhance=203 ms, total=420 ms. Consult the log for full details
